0 info it worked if it ends with ok
1 verbose cli [ '/Users/jaykey/.nvm/versions/node/v6.4.0/bin/node',
1 verbose cli   '/Users/jaykey/.nvm/versions/node/v6.4.0/bin/npm',
1 verbose cli   'run',
1 verbose cli   'auto-start' ]
2 info using npm@3.10.3
3 info using node@v6.4.0
4 verbose run-script [ 'preauto-start', 'auto-start', 'postauto-start' ]
5 info lifecycle front-end-exercise@0.0.0~preauto-start: front-end-exercise@0.0.0
6 silly lifecycle front-end-exercise@0.0.0~preauto-start: no script for preauto-start, continuing
7 info lifecycle front-end-exercise@0.0.0~auto-start: front-end-exercise@0.0.0
8 verbose lifecycle front-end-exercise@0.0.0~auto-start: unsafe-perm in lifecycle true
9 verbose lifecycle front-end-exercise@0.0.0~auto-start: PATH: /Users/jaykey/.nvm/versions/node/v6.4.0/lib/node_modules/npm/bin/node-gyp-bin:/Users/jaykey/Code/JS/front-end-exercise/node_modules/.bin:/Users/jaykey/.nvm/versions/node/v6.4.0/bin:/Users/jaykey/.rvm/gems/ruby-2.4.1/bin:/Users/jaykey/.rvm/gems/ruby-2.4.1@global/bin:/Users/jaykey/.rvm/rubies/ruby-2.4.1/bin:/Users/jaykey/.nvm/versions/node/v6.4.0/bin:/usr/local/bin:/usr/bin:/bin:/usr/sbin:/sbin:/Users/jaykey/.rvm/bin
10 verbose lifecycle front-end-exercise@0.0.0~auto-start: CWD: /Users/jaykey/Code/JS/front-end-exercise
11 silly lifecycle front-end-exercise@0.0.0~auto-start: Args: [ '-c', 'node-supervisor node ./bin/www' ]
12 silly lifecycle front-end-exercise@0.0.0~auto-start: Returned: code: 1  signal: null
13 info lifecycle front-end-exercise@0.0.0~auto-start: Failed to exec auto-start script
14 verbose stack Error: front-end-exercise@0.0.0 auto-start: `node-supervisor node ./bin/www`
14 verbose stack Exit status 1
14 verbose stack     at EventEmitter.<anonymous> (/Users/jaykey/.nvm/versions/node/v6.4.0/lib/node_modules/npm/lib/utils/lifecycle.js:242:16)
14 verbose stack     at emitTwo (events.js:106:13)
14 verbose stack     at EventEmitter.emit (events.js:191:7)
14 verbose stack     at ChildProcess.<anonymous> (/Users/jaykey/.nvm/versions/node/v6.4.0/lib/node_modules/npm/lib/utils/spawn.js:40:14)
14 verbose stack     at emitTwo (events.js:106:13)
14 verbose stack     at ChildProcess.emit (events.js:191:7)
14 verbose stack     at maybeClose (internal/child_process.js:852:16)
14 verbose stack     at Process.ChildProcess._handle.onexit (internal/child_process.js:215:5)
15 verbose pkgid front-end-exercise@0.0.0
16 verbose cwd /Users/jaykey/Code/JS/front-end-exercise
17 error Darwin 17.7.0
18 error argv "/Users/jaykey/.nvm/versions/node/v6.4.0/bin/node" "/Users/jaykey/.nvm/versions/node/v6.4.0/bin/npm" "run" "auto-start"
19 error node v6.4.0
20 error npm  v3.10.3
21 error code ELIFECYCLE
22 error front-end-exercise@0.0.0 auto-start: `node-supervisor node ./bin/www`
22 error Exit status 1
23 error Failed at the front-end-exercise@0.0.0 auto-start script 'node-supervisor node ./bin/www'.
23 error Make sure you have the latest version of node.js and npm installed.
23 error If you do, this is most likely a problem with the front-end-exercise package,
23 error not with npm itself.
23 error Tell the author that this fails on your system:
23 error     node-supervisor node ./bin/www
23 error You can get information on how to open an issue for this project with:
23 error     npm bugs front-end-exercise
23 error Or if that isn't available, you can get their info via:
23 error     npm owner ls front-end-exercise
23 error There is likely additional logging output above.
24 verbose exit [ 1, true ]
